<?xml version="1.0" encoding="utf-8"?><testsuites name="pytest tests"><testsuite name="pytest" errors="0" failures="0" skipped="0" tests="8" time="1.430" timestamp="2026-08-31T17:27:50.848494+00:00" hostname="agent-env-b24c3699-b393-48ec-9dc2-9bc54a90c421"><testcase classname="tests.test_export_and_pos_metode" name="test_export_parts_scope_page_default" time="0.431" /><testcase classname="tests.test_export_and_pos_metode" name="test_export_parts_scope_all" time="0.085" /><testcase classname="tests.test_export_and_pos_metode" name="test_export_parts_scope_page_search_q" time="0.038" /><testcase classname="tests.test_export_and_pos_metode" name="test_export_parts_scope_page_filter_low" time="0.036" /><testcase classname="tests.test_export_and_pos_metode" name="test_transactions_metode_bayar_column" time="0.055" /><testcase classname="tests.test_export_and_pos_metode" name="test_pos_save_transfer_and_receipt" time="0.134" /><testcase classname="tests.test_export_and_pos_metode" name="test_pos_save_cash_default_and_receipt" time="0.108" /><testcase classname="tests.test_export_and_pos_metode" name="test_cleanup_test_trx" time="0.065" /></testsuite></testsuites>