<?xml version="1.0" encoding="utf-8"?><testsuites name="pytest tests"><testsuite name="pytest" errors="0" failures="0" skipped="0" tests="10" time="1.505" timestamp="2026-08-31T17:09:46.720119+00:00" hostname="agent-env-b24c3699-b393-48ec-9dc2-9bc54a90c421"><testcase classname="tests.test_parts_pagination" name="test_parts_page_has_pagination_controls" time="0.389" /><testcase classname="tests.test_parts_pagination" name="test_default_per_page_is_50" time="0.071" /><testcase classname="tests.test_parts_pagination" name="test_page_2_shows_rows_51_100" time="0.070" /><testcase classname="tests.test_parts_pagination" name="test_page1_rows_differ_from_page2" time="0.117" /><testcase classname="tests.test_parts_pagination" name="test_per_page_100" time="0.056" /><testcase classname="tests.test_parts_pagination" name="test_invalid_per_page_falls_back_to_50" time="0.058" /><testcase classname="tests.test_parts_pagination" name="test_invalid_page_clamped_to_last" time="0.099" /><testcase classname="tests.test_parts_pagination" name="test_page1_prev_disabled" time="0.054" /><testcase classname="tests.test_parts_pagination" name="test_search_q_with_pagination" time="0.047" /><testcase classname="tests.test_parts_pagination" name="test_filter_low_with_pagination" time="0.050" /></testsuite></testsuites>