<?xml version="1.0" encoding="utf-8"?><testsuites name="pytest tests"><testsuite name="pytest" errors="0" failures="0" skipped="0" tests="11" time="44.310" timestamp="2026-08-31T16:23:15.663761+00:00" hostname="agent-env-b24c3699-b393-48ec-9dc2-9bc54a90c421"><testcase classname="tests.test_simbeng_php" name="test_login_and_parts_page" time="0.316" /><testcase classname="tests.test_simbeng_php" name="test_hsc_search_by_name" time="1.373" /><testcase classname="tests.test_simbeng_php" name="test_hsc_search_short_query" time="0.034" /><testcase classname="tests.test_simbeng_php" name="test_import_preview_baru_no_write" time="0.064" /><testcase classname="tests.test_simbeng_php" name="test_import_commit_baru_writes_and_logs" time="0.109" /><testcase classname="tests.test_simbeng_php" name="test_import_preview_and_commit_upgrade" time="0.168" /><testcase classname="tests.test_simbeng_php" name="test_sync_hsc_get" time="0.031" /><testcase classname="tests.test_simbeng_php" name="test_sync_hsc_post_updates_timestamp" time="41.311" /><testcase classname="tests.test_simbeng_php" name="test_stock_lookup_search_parts" time="0.157" /><testcase classname="tests.test_simbeng_php" name="test_stock_page_loads" time="0.142" /><testcase classname="tests.test_simbeng_php" name="test_cleanup_pvw1" time="0.065" /></testsuite></testsuites>