<?xml version="1.0" encoding="utf-8"?><testsuites name="pytest tests"><testsuite name="pytest" errors="0" failures="0" skipped="0" tests="9" time="3.243" timestamp="2026-08-31T16:07:57.132715+00:00" hostname="agent-env-b24c3699-b393-48ec-9dc2-9bc54a90c421"><testcase classname="tests.test_simbeng_php" name="test_login_success" time="0.562" /><testcase classname="tests.test_simbeng_php" name="test_parts_page_no_field_dropdown" time="0.054" /><testcase classname="tests.test_simbeng_php" name="test_hsc_search_by_name" time="0.908" /><testcase classname="tests.test_simbeng_php" name="test_hsc_search_by_code_autodetect" time="0.793" /><testcase classname="tests.test_simbeng_php" name="test_hsc_search_short_query" time="0.034" /><testcase classname="tests.test_simbeng_php" name="test_import_baru_skips_existing" time="0.109" /><testcase classname="tests.test_simbeng_php" name="test_import_upgrade_updates_existing" time="0.151" /><testcase classname="tests.test_simbeng_php" name="test_stock_lookup_search_parts" time="0.036" /><testcase classname="tests.test_simbeng_php" name="test_stock_page_loads" time="0.034" /></testsuite></testsuites>